Acoemeti 1
Agaz 1
Alemannic 2
Antonia 1
Cheilodipterus 1
Christianiadeal 1
Craig 1
Daltonism 1
Darwinistic 1
Exon 1
Gyrodactylidae 1
Harpa 1
Lavinia 2
Monotheletian 1
Mundari 1
Nahua 1
Ottweilian 1
Sergio 1
Tab 2
Woodruff 1
aition 1
aldol 1
aluminiferous 1
amphibolous 2
ananepionic 1
anemoclastic 1
animalian 1
answeringly 1
apologue 1
azilut 1
balmy 1
beastish 1
beatinest 2
bitterhead 1
blackwater 1
boatlike 2
bontebuck 2
businesslike 1
calmy 2
cannach 1
carpentering 1
castigable 1
chapleted 1
chondropterygious 2
chromosphere 1
chthonic 1
coddle 1
coronally 1
culmy 1
dacryoadenitis 1
dada 1
dandruff 2
datolite 1
demagoguery 1
denunciatively 3
designation 1
desired 1
dichroscopic 4
digitally 1
dissectible 1
donship 2
drudgingly 2
eligible 1
encircler 1
enumerate 1
epibolism 3
escapingly 1
esquire 1
fingerwork 1
fluoboric 1
gamont 1
gentilization 1
glycerophosphoric 1
grin 2
harmonist 1
haruspicy 1
heteroauxin 1
hodometer 1
hydrocycle 1
hyperacuteness 1
hypersalivation 1
hyssop 2
inosite 2
localize 1
lowerer 1
lumberjack 1
lurky 2
lyam 1
maidenlike 1
metrectopic 2
monadnock 2
mononitrobenzene 1
mote 1
mycodermic 2
mythically 2
nematoidean 1
neurexairesis 1
nongypsy 1
nonobedient 1
nonpolarizable 1
nonsolvent 1
ocreaceous 2
odoom 1
outroll 1
overburden 1
pathomania 2
patwari 2
plagiary 2
pleurotribe 1
plurennial 2
poliomyelopathy 1
polychronious 1
poppability 1
pornographist 1
postclitellian 2
praecordial 1
proapportionment 1
prospectively 1
pugilant 1
ragweed 1
reassociation 1
recrucify 1
refractivity 4
revertible 1
reviewal 2
rod 2
scorchingness 1
shillibeer 1
shonkinite 1
skimmingly 1
snaff 1
snagger 1
sordes 1
sportive 2
subarrhation 1
tangi 1
tawite 1
tealery 2
tetraxonian 1
thither 1
tonalamatl 1
ulcerate 1
unaffected 1
unamusement 1
unchauffeured 1
uncredulous 2
uncriticizing 1
unfrost 2
unfuturistic 1
unlivery 1
unseared 1
vibratile 2
virify 1
vitochemic 1
walsh 1
yoe 2
