Acoemeti 1
Antonia 1
Brissotin 1
Cheilodipterus 2
Daltonism 2
Darwinistic 1
Gyrodactylidae 1
Mundari 1
Ottweilian 1
Rahul 1
Sedum 1
Sonneratia 2
Tonikan 1
acrobatism 1
adenophorous 1
aeropathy 2
aition 1
allemand 1
amphibolous 1
anchorlike 1
anneloid 2
antinatural 1
arsylene 1
aureous 1
bacilli 3
balmy 1
beastish 1
beautiful 3
bediaper 2
bitterhead 1
blamed 2
boatlike 1
brainless 1
bulldog 1
buttercup 2
cadaveric 2
calmy 2
cannach 3
castigable 1
chapleted 1
cholesteatomatous 2
craniate 3
criminalistician 2
culmy 1
cyclopism 1
dada 1
dalesman 1
dandruff 2
decentness 1
demagoguery 1
denaturate 1
denunciatively 1
depilatory 1
desired 1
dexiotropic 1
digitally 1
dissectible 1
donship 1
draughtsmanship 1
eligible 1
emplace 1
encircler 1
enumerate 2
epibolism 1
escapingly 1
esquire 1
fingerwork 2
fluoboric 2
foregoer 1
gamont 1
gentilization 1
gitoxigenin 2
gliderport 2
glucolysis 2
glycerophosphoric 1
gool 1
harmonist 1
haruspicy 2
heteroauxin 2
hustle 1
hypersalivation 1
hyssop 1
illiberally 1
implodent 1
inosite 1
ionone 2
literacy 1
mallear 2
melanterite 2
mensurably 1
metapsychics 1
metrectopic 1
mononitrobenzene 1
mote 1
mufty 1
mycodermic 2
neurexairesis 2
nongypsy 4
normal 1
odoom 1
pathomania 2
phosphorism 1
pickpole 1
pornographist 1
postclitellian 2
postcontract 1
praecordial 1
predicrotic 1
proapportionment 1
prospectively 1
ragweed 1
reassociation 1
refractivity 2
resorptive 2
revertible 1
reviewal 1
scaling 2
schappe 2
sciuromorphic 1
shillibeer 1
shonkinite 1
shootboard 1
snagger 2
sportive 1
squamousness 1
subarrhation 1
tawite 2
tergal 1
thatchless 1
thither 2
tonalamatl 1
toothlessly 2
tricuspidal 1
ulcerate 1
unamusement 1
unceremented 1
unchauffeured 1
uncredulous 1
uncriticizing 1
underbillow 1
unendowing 1
unfuturistic 1
unseared 3
unvoidable 1
variolation 2
ventrodorsal 2
virify 2
vitochemic 1
