Agaz 1
Alemannic 1
Brissotin 1
Christianiadeal 3
Daltonism 2
Darwinistic 1
Exon 1
Gyrodactylidae 1
Harpa 1
Lavinia 1
Monotheletian 1
Mundari 1
Nahua 1
Oldhamia 1
Ophiuroidea 1
Ottweilian 1
Pimpla 4
Ratitae 1
Sergio 2
Thoroughbred 1
absorptiveness 1
accubitus 1
adenophorous 1
allemand 1
aluminiferous 3
anchorlike 1
anemoclastic 1
anneloid 2
answeringly 1
antinatural 1
apologue 1
balmy 1
beastish 1
beautiful 1
bediaper 2
begohm 1
binnacle 1
bitterhead 1
blamed 1
boatlike 1
brainless 1
bulldog 1
businesslike 2
buttercup 1
cadaveric 1
calmy 1
capsheaf 2
carpentering 2
cholesteatomatous 1
chromosphere 1
chthonic 1
claustrophobia 1
coky 3
coronally 1
culmy 2
dada 3
dalesman 1
dandruff 1
demagoguery 1
denunciatively 1
depilatory 1
distensive 1
drudgingly 1
eligible 1
emplace 1
epibolism 1
fingerwork 2
foregoer 2
glaserite 1
globulous 1
glycerophosphoric 1
gool 1
hydrocycle 3
hyperacuteness 1
hyssop 1
illiberally 2
implodent 3
inosite 1
ionone 1
literacy 1
lucifugal 1
lumberjack 3
lurky 2
lyam 1
mensurably 2
metapsychics 1
metrectopic 2
molariform 1
mononitrobenzene 1
mote 2
nematoidean 1
neurexairesis 3
nipplewort 1
nonpolarizable 1
nonsolvent 2
ocreaceous 1
overbrimmingly 1
pagodalike 2
pathopoiesis 1
pedicellar 1
phenomenalistic 3
phosphorism 1
pickpole 1
plagiary 2
playerdom 1
plurennial 1
poliomyelopathy 1
polychromatophile 1
postcontract 1
proapportionment 1
prospectively 1
raga 2
reassociation 1
recrucify 1
refractivity 1
retrocardiac 2
schappe 3
sciuromorphic 1
semibachelor 1
shonkinite 1
shootboard 1
sordes 2
sportive 1
squamousness 1
stude 1
tangi 2
tawite 1
thirstily 1
thither 2
toothlessly 2
tridermic 2
ulcerate 1
unamusement 1
unchauffeured 1
uncriticizing 1
underbillow 1
unendowing 2
unfrost 2
unfuturistic 1
unshrined 1
variolation 1
ventrodorsal 2
vibratile 1
vitochemic 1
waldgrave 3
walsh 1
wur 1
