Acoemeti 1
Agaz 1
Alemannic 1
Christianiadeal 1
Craig 1
Daltonism 1
Darwinistic 2
Euphausiacea 2
Harpa 1
Oldhamia 3
Ophiuroidea 1
Rahul 1
Ratitae 2
Sedum 2
Sonneratia 2
Tab 1
Thoroughbred 3
Tyrian 1
accubitus 2
acrobatism 1
aition 2
aldol 1
animalian 2
anneloid 1
apologue 1
balmy 1
beastish 2
beautiful 1
begohm 1
binnacle 2
bitterhead 1
boatlike 1
businesslike 1
buttercup 1
cachinnation 3
cadaveric 2
cannach 1
capsheaf 2
carpentering 1
castigable 1
chapleted 1
cholesteatomatous 2
chondropterygious 1
chromosphere 2
chthonic 1
claustrophobia 1
coronally 1
dacryoadenitis 1
dada 2
dandruff 1
demagoguery 1
denaturate 1
denunciatively 1
depilatory 1
designation 1
dichroscopic 1
draughtsmanship 1
drudgingly 2
enjambed 1
ethylhydrocupreine 1
fingerwork 1
fluoboric 1
foregoer 1
gamont 1
gentilization 1
gliderport 1
globulous 2
glucolysis 3
harmonist 1
haruspicy 1
hodometer 1
hustle 1
hyperacuteness 2
imperatorian 2
ionone 1
lepidopteral 1
literacy 2
localize 1
lowerer 1
lumberjack 2
lurky 2
lyam 2
maidenlike 1
mensurably 4
metapsychics 1
metrectopic 1
monadnock 2
nematoidean 1
nongypsy 1
nonsolvent 1
odoom 1
patwari 1
peaceably 1
phenomenalistic 1
phosphorism 1
phytoecological 2
pickpole 1
playerdom 1
pleurotribe 1
plumage 1
polychronious 1
postclitellian 1
postcontract 1
refractivity 1
retrocardiac 2
revertible 2
reviewal 2
sciuromorphic 1
scorchingness 2
semibachelor 1
shootboard 4
simuler 1
skimmingly 1
skyrockety 4
snagger 1
sonification 2
spondylotherapy 1
sportive 1
spurflower 1
subarrhation 1
tangi 1
tergal 5
thirstily 2
tinklingly 1
toothlessly 1
treponemiasis 2
truantness 3
unamusement 2
uncredulous 3
uncriticizing 1
unendowing 2
unfrost 2
unfuturistic 1
vibratile 1
virify 1
vitochemic 2
yardland 1
yoe 2
