Agaz 1
Alemannic 1
Antonia 2
Brissotin 1
Christianiadeal 3
Craig 1
Crypturidae 2
Daltonism 1
Darwinistic 1
Exon 1
Gyrodactylidae 1
Harpa 2
Lavinia 3
Mundari 2
Nahua 1
Ophiuroidea 1
Sedum 1
Tab 1
Tonikan 1
Woodruff 1
acrobatism 1
adenophorous 2
aition 1
aldol 1
aluminiferous 2
ananepionic 2
animalian 2
animalish 1
anneloid 1
answeringly 1
apologue 1
azilut 1
bacilli 3
bareness 1
beautiful 1
blackwater 1
blamed 1
boatlike 4
businesslike 1
buttercup 1
carpentering 1
chapleted 1
chondropterygious 4
chromosphere 1
claustrophobia 1
coronally 1
craniate 1
culmy 1
cyclopism 1
dacryoadenitis 2
dalesman 1
dandruff 1
datolite 1
decentness 2
denaturate 1
designation 1
donship 2
eligible 1
emplace 1
encircler 1
enjambed 1
epibolism 1
escapingly 1
esquire 1
fluoboric 1
foregoer 1
gamont 1
gentilization 1
gitoxigenin 1
globulous 1
glucolysis 1
grin 1
harmonist 3
haruspicy 2
hodometer 1
imperatorian 1
inosite 1
ionone 1
jolter 1
leatherback 2
lepidopteral 1
literacy 1
lumberjack 3
melanterite 2
metapsychics 1
molariform 1
mote 1
mycodermic 1
mythically 2
nematoidean 1
neurexairesis 1
nipplewort 1
nonobedient 1
nonsolvent 1
normal 1
ocreaceous 1
outroll 1
ovological 1
pagodalike 1
passionary 3
phenomenalistic 1
phosphorism 1
photofinish 1
pickpole 1
plagueful 1
pleurotribe 2
plumage 1
plurennial 1
pornographist 1
postcontract 1
praecordial 1
predicrotic 1
prospectively 1
raga 1
ragweed 1
recrucify 1
reflexive 1
resorptive 1
retrocardiac 1
scaling 1
schappe 1
scorchingness 1
semibachelor 1
shillibeer 1
shonkinite 1
shootboard 3
skimmingly 4
snagger 1
sonification 1
sordes 1
sportive 2
stude 1
subvisible 3
supplicant 1
syndication 2
tealery 1
teeting 1
tetraxonian 1
thatchless 1
thirstily 1
thither 1
tinklingly 2
tonalamatl 1
treponemiasis 1
tridermic 1
triketo 1
unaffected 1
unamusement 1
unceremented 1
uncriticizing 1
unfuturistic 1
unseared 1
unshrined 2
unvoidable 1
walsh 1
