Acoemeti 1
Agaz 1
Antonia 2
Cheilodipterus 1
Christianiadeal 1
Daltonism 1
Euphausiacea 2
Exon 1
Lavinia 1
Mundari 1
Oldhamia 1
Ophiuroidea 1
Pimpla 1
Rahul 1
Sedum 2
Sergio 3
Thoroughbred 1
Woodruff 2
accubitus 1
acrobatism 1
aeropathy 1
aition 1
aldol 2
aluminiferous 1
amphibolous 1
ananepionic 2
anneloid 1
antinatural 2
arsylene 1
azilut 1
bacilli 1
balmy 1
bareness 1
bitterhead 1
blackwater 1
cadaveric 2
capsheaf 1
castigable 1
chapleted 2
chondropterygious 1
chromosphere 1
claustrophobia 1
coky 1
coronally 1
coyan 1
craniate 3
cyclopism 1
dacryoadenitis 1
dandruff 1
datolite 2
demagoguery 1
denunciatively 1
dichroscopic 2
dissectible 1
donship 1
draughtsmanship 2
drudgingly 2
eligible 1
enjambed 2
enumerate 2
epibolism 1
foregoer 2
gentilization 1
glucolysis 1
haruspicy 1
hydrocycle 1
hyperacuteness 2
hyssop 1
imperatorian 1
implodent 2
inosite 1
ionone 2
lowerer 2
lyam 1
maidenlike 1
mandibuliform 1
melanterite 2
mensurably 1
molariform 1
mononitrobenzene 1
mote 2
mycodermic 1
mythically 2
neurexairesis 2
nonobedient 1
nonpolarizable 1
nonsolvent 1
outroll 1
overburden 1
passionary 1
pathopoiesis 1
patwari 2
pedicellar 1
phenomenalistic 1
phosphorism 2
plagiary 3
plumage 1
plurennial 1
polychronious 3
postclitellian 2
postcontract 1
praecordial 1
reassociation 2
recrucify 1
refractivity 2
resorptive 2
reviewal 1
schappe 1
sciuromorphic 2
scorchingness 3
semibachelor 1
simuler 5
skimmingly 3
skyrockety 1
snaff 2
sonification 2
spondylotherapy 2
sportive 1
spurflower 2
squamousness 1
stagnant 1
tangi 1
tealery 4
teeting 1
tergal 1
tetraxonian 1
tonalamatl 1
toothlessly 1
tricuspidal 1
tridermic 1
truantness 1
ulcerate 2
unaffected 2
unamusement 1
unceremented 1
uncredulous 1
underbillow 1
unfrost 1
unfuturistic 1
unnaturality 1
variolation 1
ventrodorsal 1
vibratile 1
wur 1
