Brissotin 2
Christianiadeal 1
Darwinistic 2
Euphausiacea 1
Lavinia 1
Nahua 1
Oldhamia 1
Ottweilian 1
Sedum 2
Woodruff 1
acrobatism 1
aluminiferous 1
ananepionic 2
anchorlike 2
anemoclastic 2
animalian 1
anneloid 1
antinatural 1
arsylene 2
azilut 3
balmy 1
beastish 3
beautiful 1
bediaper 1
binnacle 1
bitterhead 1
blackwater 1
bontebuck 1
calmy 1
capsheaf 2
carpentering 1
cholesteatomatous 1
chromosphere 2
claustrophobia 2
coddle 1
coronally 2
coyan 1
craniate 2
dalesman 2
datolite 1
decentness 2
denaturate 1
denunciatively 2
designation 2
desired 2
dexiotropic 1
dissectible 1
draughtsmanship 1
eligible 1
encircler 1
enjambed 1
epibolism 3
esquire 1
ethylhydrocupreine 1
fingerwork 2
fluoboric 1
foregoer 1
gamont 1
gentilization 1
gliderport 1
globulous 1
gool 1
haruspicy 1
hydrocycle 1
hyperacuteness 2
hyperoon 2
hyssop 1
illiberally 1
ionone 1
literacy 1
lurky 1
maidenlike 3
mandibuliform 1
mensurably 1
molariform 2
mononitrobenzene 1
mythically 1
nematoidean 1
neurexairesis 1
nipplewort 1
nonobedient 3
nonsolvent 1
ovological 2
peaceably 1
photofinish 2
pickpole 2
plagiary 1
plagueful 2
playerdom 3
plurennial 1
polychromatophile 1
pornographist 1
postclitellian 1
predicrotic 1
proapportionment 1
pugilant 1
raga 1
ragweed 2
reflexive 2
refractivity 2
resorptive 1
revertible 1
reviewal 1
sciuromorphic 3
shillibeer 1
shootboard 1
simuler 2
skimmingly 1
skyrockety 1
spondylotherapy 2
sportive 1
spurflower 1
stude 1
subvisible 1
supplicant 2
syndication 2
tawite 1
tealery 1
teeting 2
thatchless 2
thirstily 2
tinklingly 1
tonalamatl 2
toothlessly 2
tricuspidal 1
tridermic 2
triketo 1
truantness 1
ulcerate 1
unaffected 3
unamusement 1
unceremented 1
uncredulous 3
uncriticizing 1
unlivery 1
unseared 3
unshrined 1
waldgrave 1
wur 2
yardland 1
yoe 1
