Acoemeti 2
Agaz 1
Christianiadeal 2
Daltonism 2
Darwinistic 3
Euphausiacea 2
Exon 1
Harpa 1
Lavinia 1
Mundari 1
Ophiuroidea 1
Ottweilian 1
Pimpla 1
Rahul 1
Ratitae 2
Sedum 2
Sergio 1
Sonneratia 2
Tyrian 2
Woodruff 1
absorptiveness 1
adenophorous 1
aeropathy 1
aition 1
aldol 1
allemand 2
aluminiferous 1
ananepionic 1
anemoclastic 1
animalian 2
answeringly 1
antiphonic 2
azilut 2
balmy 1
beastish 2
beautiful 1
begohm 1
binnacle 1
bitterhead 1
boatlike 2
cachinnation 3
cadaveric 1
calmy 1
chondropterygious 1
chthonic 1
coddle 1
coky 2
culmy 1
dacryoadenitis 2
datolite 1
dexiotropic 1
dichroscopic 1
dissectible 1
donship 1
draughtsmanship 2
drudgingly 1
emplace 2
encircler 1
escapingly 2
fluoboric 1
gamont 1
gentilization 2
gliderport 1
globulous 2
glucolysis 1
glycerophosphoric 1
hodometer 1
hydrocycle 1
hyperacuteness 1
imperatorian 1
ionone 1
jolter 1
leatherback 1
literacy 1
lowerer 2
lumberjack 1
mallear 2
melanterite 1
metapsychics 1
molariform 3
mote 3
mufty 2
nematoidean 1
neurexairesis 1
nongypsy 1
nonobedient 1
normal 1
ocreaceous 1
odoom 3
overburden 2
ovological 1
pagodalike 2
pathopoiesis 1
peaceably 2
phosphorism 1
photofinish 1
playerdom 2
plumage 1
plurennial 1
polychronious 1
poppability 2
praecordial 1
predicrotic 2
proapportionment 1
ragweed 1
recrucify 1
resorptive 1
retrocardiac 1
rod 1
schappe 1
sciuromorphic 2
scorchingness 2
semibachelor 1
shillibeer 1
simuler 1
skimmingly 1
skyrockety 1
snagger 1
sonification 1
spurflower 1
stude 1
subarrhation 2
subvisible 2
supplicant 4
syndication 1
tangi 3
tergal 1
tinklingly 1
tonalamatl 2
toothlessly 1
treponemiasis 1
tridermic 1
triketo 3
unceremented 1
underbillow 1
underwriting 2
unfrost 1
unlivery 1
unseared 1
unshrined 1
variolation 1
vibratile 2
walsh 1
wur 1
yoe 2
