Acemetic 1
Adamhood 1
Asterope 2
Bhojpuri 2
Elysee 3
Langobardic 3
Malayoid 1
Nhan 1
Ruellia 1
abirritation 2
adreamed 1
allocrotonic 1
audile 1
beautiful 3
bruisewort 1
bullan 1
caesural 2
cerebropontile 2
colotyphoid 1
counterthrust 1
crouperbush 2
curing 1
dispassionately 2
erogenic 1
etymography 1
eurypterid 1
exosmotic 2
expiration 1
extracalendar 2
harpylike 1
hypnoses 2
iliolumbar 1
inconcludent 2
lamia 2
lavage 2
malicious 3
microcolorimetrically 1
nerveless 1
neurectome 2
neurolytic 1
newspaper 2
nullificationist 2
orthotoluic 2
ostreophagous 2
papyrotamia 2
pelicometer 1
peristalsis 3
preally 1
precourse 1
prejacent 1
preternormal 1
propagandize 1
protanopic 1
proterotype 3
quickborn 2
reannexation 1
rebukeful 1
recapitulationist 1
redivivus 1
reforecast 2
refractional 1
sanguinicolous 3
sclerema 2
scopulous 2
semifloscule 1
sierran 1
singeing 3
spatterproof 1
stewable 2
submundane 1
subvendee 1
tenoroon 1
townee 1
tubinarial 1
turbary 1
unaffectionately 2
unfructify 1
uniangulate 1
unscarfed 1
unsepulchral 1
unsuccessful 1
uzarin 1
venousness 1
widen 1
