Agaz 1
Brissotin 1
Cheilodipterus 3
Crypturidae 1
Euphausiacea 1
Harpa 1
Lavinia 2
Nahua 1
Oldhamia 1
Ophiuroidea 2
Ottweilian 1
Pimpla 1
Sedum 1
Sergio 1
Sonneratia 1
Tonikan 1
Tyrian 1
Woodruff 1
absorptiveness 1
aeropathy 1
aition 1
allemand 1
amphibolous 2
anemoclastic 1
answeringly 3
antiphonic 1
arsylene 1
aureous 2
azilut 1
balmy 1
bareness 1
bitterhead 1
blackwater 1
blamed 1
bontebuck 2
bulldog 2
businesslike 2
cadaveric 3
calmy 1
cannach 1
capsheaf 2
carpentering 1
castigable 1
chapleted 2
cholesteatomatous 1
chondropterygious 2
coky 2
coronally 2
coyan 2
culmy 1
cyclopism 1
dada 2
dandruff 1
datolite 1
decentness 2
depilatory 2
designation 2
desired 1
digitally 1
draughtsmanship 3
encircler 1
epibolism 1
escapingly 1
esquire 2
foregoer 1
gamont 1
gitoxigenin 2
glaserite 1
gliderport 1
globulous 1
glucolysis 2
gool 2
haruspicy 1
heteroauxin 2
hodometer 1
hydrocycle 1
hyperacuteness 2
hyperoon 2
hyssop 1
illiberally 2
inosite 1
leatherback 1
localize 1
lucifugal 2
lyam 1
mallear 1
melanterite 2
metapsychics 3
metrectopic 1
molariform 1
mote 2
mufty 1
mycodermic 2
nematoidean 3
neurexairesis 1
nongypsy 1
nonpolarizable 1
nonsolvent 1
odoom 2
pagodalike 1
passionary 1
pathomania 2
pathopoiesis 1
peaceably 1
pedicellar 2
phosphorism 1
pickpole 2
plagiary 1
plagueful 1
playerdom 1
pleurotribe 1
plumage 1
polychronious 2
poppability 2
praecordial 1
prospectively 2
raga 1
refractivity 1
reviewal 1
scaling 1
sciuromorphic 1
scorchingness 1
shillibeer 1
snaff 1
snagger 1
sportive 1
spurflower 1
supplicant 1
syndication 1
tealery 1
tergal 1
thatchless 1
tonalamatl 1
toothlessly 1
treponemiasis 1
tricuspidal 1
triketo 1
truantness 1
unaffected 1
uncriticizing 1
underbillow 2
underwriting 1
unshrined 2
unvoidable 1
ventrodorsal 1
vibratile 2
vitochemic 1
waldgrave 1
walsh 1
