Acoemeti 1
Antonia 1
Christianiadeal 1
Daltonism 2
Euphausiacea 1
Gyrodactylidae 1
Monotheletian 2
Mundari 1
Nahua 1
Pimpla 2
Sergio 3
Sonneratia 1
Thoroughbred 3
Tonikan 2
Woodruff 2
absorptiveness 1
accubitus 1
acrobatism 1
aluminiferous 2
animalian 1
animalish 1
arsylene 3
bacilli 1
bareness 2
begohm 4
blackwater 2
blamed 1
bontebuck 1
bulldog 1
businesslike 1
buttercup 1
cadaveric 3
capsheaf 2
carpentering 2
castigable 1
cholesteatomatous 1
chthonic 2
coddle 1
coyan 2
culmy 2
dada 2
dandruff 2
decentness 1
denunciatively 2
depilatory 1
desired 1
dexiotropic 2
digitally 3
draughtsmanship 1
drudgingly 1
emplace 2
encircler 1
enjambed 2
enumerate 2
escapingly 1
gentilization 1
globulous 1
gool 1
grin 1
haruspicy 1
heteroauxin 1
hustle 2
hydrocycle 1
hyperacuteness 1
hyperoon 1
hypersalivation 1
hyssop 1
illiberally 1
imperatorian 2
implodent 2
ionone 1
jolter 1
lowerer 1
lucifugal 1
lurky 1
lyam 3
mensurably 1
metapsychics 1
metrectopic 1
monadnock 1
mononitrobenzene 1
mote 3
mufty 1
mycodermic 2
neurexairesis 1
nonobedient 1
nonsolvent 1
ocreaceous 1
odoom 1
outroll 1
ovological 1
pagodalike 1
passionary 3
pathomania 2
pathopoiesis 1
peaceably 2
plagiary 1
plurennial 1
poppability 1
postclitellian 1
praecordial 1
proapportionment 1
prospectively 1
recrucify 1
resorptive 1
retrocardiac 1
revertible 1
rod 1
sciuromorphic 1
semibachelor 1
shootboard 2
skimmingly 1
skyrockety 3
spondylotherapy 1
sportive 4
spurflower 1
squamousness 1
stude 1
subarrhation 1
tangi 1
tealery 1
tetraxonian 2
thirstily 2
thither 1
tinklingly 1
toothlessly 1
treponemiasis 1
triketo 1
ulcerate 1
unaffected 1
unceremented 1
uncredulous 2
uncriticizing 1
unfrost 1
unlivery 1
unnaturality 1
unseared 1
unvoidable 1
variolation 1
ventrodorsal 2
waldgrave 3
walsh 1
yoe 1
