Acoemeti 1
Antonia 1
Craig 2
Crypturidae 2
Daltonism 1
Darwinistic 2
Euphausiacea 1
Exon 1
Harpa 1
Mundari 2
Ophiuroidea 2
Ottweilian 1
Pimpla 2
Ratitae 1
Sergio 1
Sonneratia 1
Tonikan 2
Woodruff 3
adenophorous 1
aldol 2
allemand 1
ananepionic 2
anchorlike 1
anneloid 1
antiphonic 1
arsylene 1
aureous 1
azilut 1
balmy 2
bareness 1
beautiful 1
bitterhead 1
blamed 2
boatlike 2
bontebuck 2
brainless 1
bulldog 1
buttercup 1
cachinnation 1
cannach 1
capsheaf 2
castigable 1
chapleted 1
chondropterygious 1
chthonic 1
coky 2
coyan 1
craniate 1
dandruff 2
decentness 1
denaturate 1
denunciatively 1
designation 1
desired 1
dexiotropic 1
dichroscopic 1
digitally 1
donship 1
eligible 1
emplace 1
encircler 2
enumerate 1
epibolism 1
esquire 1
ethylhydrocupreine 1
foregoer 1
gamont 1
gitoxigenin 1
glaserite 1
glucolysis 1
glycerophosphoric 1
gool 2
grin 1
harmonist 1
haruspicy 1
heteroauxin 2
hyperacuteness 1
hyperoon 1
illiberally 1
imperatorian 1
ionone 1
jolter 1
lepidopteral 1
literacy 2
lucifugal 1
lumberjack 1
lurky 1
mandibuliform 1
mote 1
mycodermic 1
nematoidean 4
nipplewort 2
nonobedient 2
odoom 1
overbrimmingly 2
ovological 1
pagodalike 1
passionary 1
phosphorism 1
photofinish 1
phytoecological 2
playerdom 1
plurennial 1
poliomyelopathy 1
polychronious 1
poppability 1
postclitellian 2
postcontract 1
praecordial 2
predicrotic 3
proapportionment 1
prospectively 1
raga 2
recrucify 2
refractivity 1
resorptive 2
sciuromorphic 3
semibachelor 1
shillibeer 2
shonkinite 1
skimmingly 1
skyrockety 1
sonification 1
sordes 1
squamousness 3
stagnant 1
subvisible 1
supplicant 1
tangi 3
teeting 1
tergal 1
tetraxonian 1
thither 2
tonalamatl 1
toothlessly 1
tridermic 2
truantness 1
unamusement 2
unceremented 1
unchauffeured 2
uncriticizing 1
underwriting 1
unfrost 2
unfuturistic 1
unvoidable 1
ventrodorsal 1
virify 1
vitochemic 1
walsh 1
yoe 3
