Adamhood 1
Cassidulina 1
Elysee 1
Grenadian 1
Guana 1
Ping 2
Trichogramma 2
Zincalo 2
advertisement 1
allocrotonic 1
antisyndicalism 1
aortomalaxis 3
beautiful 2
bloated 1
bruisewort 1
caesural 1
callipygian 1
chromyl 2
coenosite 1
colotyphoid 2
counterthrust 1
dermutation 1
dilater 1
durst 3
erogenic 1
eurypterid 1
exosmotic 1
expiration 2
futilize 1
harpylike 3
hypnoses 1
ideamonger 1
karyology 1
lavage 1
limit 2
lithic 2
loneness 3
madrigal 1
malgrace 2
microcolorimetrically 4
nerveless 1
neurolytic 1
newspaper 2
ninetyfold 1
orthotoluic 2
ostreophagous 1
pedanticism 2
pegmatize 1
penis 2
peristalsis 1
preally 2
precourse 2
protanopic 1
proterotype 2
quickborn 1
rebukeful 1
redivivus 1
refractional 2
sanguinicolous 3
scalene 2
sclerema 1
singeing 1
spitzkop 2
statuarist 1
stewable 1
submundane 1
subvendee 2
tailorhood 1
talukdari 1
tentamen 2
thirteenth 1
townee 3
transmold 1
unemended 2
unfructify 1
unhouseled 2
uniangulate 2
unscarfed 1
unsepulchral 1
uzarin 2
venousness 1
visaged 1
woorari 1
workmanliness 1
