Agaz 1
Antonia 2
Craig 2
Crypturidae 3
Euphausiacea 3
Gyrodactylidae 1
Lavinia 1
Monotheletian 1
Mundari 3
Nahua 1
Oldhamia 1
Ophiuroidea 2
Sedum 2
Thoroughbred 1
Tonikan 1
Tyrian 2
aeropathy 2
aition 1
aldol 1
amphibolous 1
anchorlike 1
animalian 1
animalish 1
anneloid 1
antinatural 2
apologue 1
bacilli 1
beatinest 2
beautiful 1
bediaper 2
bitterhead 1
brainless 1
businesslike 1
cachinnation 1
cadaveric 1
calmy 1
cannach 1
capsheaf 2
carpentering 1
castigable 1
chapleted 1
chromosphere 1
coky 1
coyan 1
criminalistician 1
dalesman 1
datolite 2
decentness 1
demagoguery 1
depilatory 2
designation 1
digitally 1
distensive 1
donship 2
draughtsmanship 1
eligible 1
emplace 1
encircler 1
escapingly 1
esquire 1
ethylhydrocupreine 1
fluoboric 1
foregoer 1
gitoxigenin 1
glaserite 2
glucolysis 2
glycerophosphoric 1
gool 1
harmonist 1
heteroauxin 1
hodometer 1
hydrocycle 2
hyssop 2
illiberally 2
imperatorian 1
implodent 1
inosite 1
leatherback 1
lucifugal 1
lumberjack 1
lyam 1
maidenlike 1
melanterite 1
metrectopic 1
monadnock 2
mononitrobenzene 1
mycodermic 1
mythically 1
nematoidean 1
nongypsy 2
normal 1
ocreaceous 3
outroll 2
overburden 1
passionary 1
pathopoiesis 1
peaceably 1
pedicellar 1
photofinish 1
phytoecological 2
pickpole 1
plagiary 1
pleurotribe 1
polychromatophile 1
postcontract 2
praecordial 1
predicrotic 1
proapportionment 3
prospectively 1
raga 3
ragweed 2
reassociation 1
recrucify 3
reflexive 1
resorptive 2
revertible 1
rod 1
scorchingness 2
semibachelor 1
shillibeer 1
shonkinite 1
shootboard 1
skimmingly 1
sonification 1
spondylotherapy 1
spurflower 1
stagnant 1
supplicant 2
syndication 1
tawite 2
tergal 3
thatchless 2
treponemiasis 1
truantness 1
unaffected 2
unceremented 1
unchauffeured 1
uncredulous 2
uncriticizing 1
unfrost 2
unfuturistic 2
unseared 2
unshrined 1
unvoidable 1
variolation 1
vitochemic 1
waldgrave 2
wur 1
yardland 1
