Acemetic 1
Adamhood 1
Asterope 1
Cassidulina 1
Elysee 1
Grenadian 1
Guana 1
Guran 2
Jakob 2
Jeremias 3
Langobardic 1
Malayoid 1
Price 3
Ruellia 1
Zincalo 2
adreamed 1
antisyndicalism 2
aortomalaxis 1
beautiful 1
bloated 1
bruisewort 1
bullan 1
caesural 2
callipygian 1
chromyl 1
coenosite 1
counterthrust 2
crouperbush 1
curing 1
dermutation 2
dispassionately 1
durst 2
erogenic 1
eurypterid 1
expiration 1
futilize 1
hydrocystic 1
iliolumbar 1
inconcludent 2
karyology 1
lamia 3
lavage 2
lithic 1
malicious 1
microcolorimetrically 2
newspaper 2
ninetyfold 1
orthitic 2
orthotoluic 1
ostreophagous 1
papyrotamia 1
pedanticism 1
perceptible 1
peristalsis 1
pixilated 1
preally 1
precourse 3
preternormal 2
propagandize 1
proterotype 3
questionlessly 2
quickborn 2
rebukeful 1
recapitulationist 1
reforecast 3
roomage 1
sclerema 3
shaky 2
spatterproof 1
spitzkop 3
statuarist 1
submundane 1
subvendee 1
swanner 1
switchgear 1
tailorhood 1
talukdari 1
tentamen 1
townee 4
turbary 1
unemended 3
unhouseled 1
uniangulate 1
unscarfed 1
unsuccessful 1
uzarin 1
visaged 1
