Acemetic 1
Asterope 1
Bhojpuri 1
Elysee 2
Guana 2
Guran 1
Jeremias 2
Ping 2
Price 2
Ruellia 2
abirritation 1
alloerotism 2
antisyndicalism 2
aortomalaxis 2
audile 2
bullan 1
callipygian 3
chromyl 1
coenosite 2
colotyphoid 2
counterthrust 3
crouperbush 1
dermutation 1
dispassionately 2
divinization 2
entozoology 2
etymography 1
extracalendar 2
hydrocystic 2
ideamonger 1
inconcludent 1
limit 3
lithic 1
madrigal 3
malgrace 1
malicious 1
microcolorimetrically 1
nerveless 1
neurolytic 1
newspaper 1
ninetyfold 1
nullificationist 3
orthitic 1
ostreophagous 1
papyrotamia 2
penis 1
perceptible 1
preally 1
profanable 4
propagandize 2
proterotype 1
questionlessly 2
rebukeful 1
redivivus 2
reforecast 3
rewall 1
sclerema 1
shaky 2
spitzkop 3
statuarist 2
stewable 1
submundane 1
subvendee 2
swanner 2
tenoroon 2
tentamen 1
tubinarial 1
underaction 1
unemended 1
uniangulate 1
unscarfed 1
unsepulchral 2
unsuccessful 2
vampirism 2
venousness 1
widen 2
woorari 1
workmanliness 1
