Antaiva 1
Aulacomnium 1
Herculanian 1
Lusiad 1
Machiavellic 1
Oscines 1
Psychidae 1
Sequani 1
Sharira 2
Vermetus 1
amaze 1
amnia 2
angeyok 1
arthrosis 1
avenaceous 1
blanquillo 1
cecity 1
chalcotrichite 1
copperish 1
cosmopolitic 2
creedsman 1
decentralize 2
dive 3
eftest 2
emarginate 2
epibasal 1
galvanopuncture 1
gastrothecal 1
glibly 1
histoplasmosis 1
infratrochanteric 1
internuncius 2
littlewale 1
magnecrystallic 1
marginality 1
marialite 1
medicator 2
methylpropane 1
myeloma 2
pawnie 1
podophthalmian 2
poliomyelitis 2
proctodaeum 1
protocolize 3
raphide 1
redemptory 1
salutatorily 1
selagite 2
shellfire 1
smoke 3
sparganum 1
spellbinder 1
starless 2
streamlet 1
tagraggery 1
tarnally 1
thermostatic 1
triumvirship 1
uncorruptive 2
unfathomability 1
uniovulate 1
vacuousness 2
venenousness 1
venereal 3
wheelbarrowful 2
yocco 1
