Alemannic 1
Cheilodipterus 2
Christianiadeal 1
Craig 2
Crypturidae 1
Daltonism 1
Gyrodactylidae 3
Lavinia 2
Oldhamia 1
Ophiuroidea 1
Pimpla 1
Rahul 1
Sedum 1
Sergio 1
Sonneratia 2
Tab 2
Thoroughbred 2
Tonikan 1
Tyrian 1
adenophorous 2
aldol 1
aluminiferous 2
ananepionic 2
anneloid 1
antinatural 1
apologue 1
beastish 1
beatinest 3
beautiful 2
bediaper 2
begohm 1
blackwater 1
boatlike 1
bulldog 2
cannach 2
carpentering 1
castigable 1
chondropterygious 1
chromosphere 1
coddle 1
coky 1
coyan 2
dada 2
dalesman 1
datolite 1
decentness 1
demagoguery 1
denaturate 1
denunciatively 1
designation 1
desired 1
dexiotropic 1
dissectible 1
draughtsmanship 1
drudgingly 1
eligible 1
emplace 1
encircler 2
enumerate 1
epibolism 1
esquire 1
ethylhydrocupreine 1
fingerwork 1
gamont 1
glaserite 2
gliderport 2
globulous 1
glycerophosphoric 1
grin 1
haruspicy 1
hodometer 1
hyssop 2
illiberally 3
imperatorian 2
implodent 4
ionone 2
jolter 1
leatherback 3
lepidopteral 1
lowerer 1
lumberjack 1
lurky 4
maidenlike 3
mallear 1
mandibuliform 2
melanterite 2
metrectopic 2
molariform 1
monadnock 1
mononitrobenzene 1
neurexairesis 1
nongypsy 2
nonobedient 2
normal 2
odoom 1
outroll 1
overbrimmingly 1
ovological 2
pathomania 1
peaceably 1
pedicellar 1
phosphorism 1
phytoecological 1
pleurotribe 1
polychronious 1
poppability 1
postclitellian 1
postcontract 2
predicrotic 1
proapportionment 1
pugilant 1
raga 1
ragweed 1
reflexive 1
rod 2
schappe 2
snagger 1
sonification 1
spondylotherapy 2
sportive 1
stagnant 1
stude 1
subarrhation 2
subvisible 2
supplicant 1
tangi 3
teeting 2
tergal 3
thirstily 1
tricuspidal 1
unaffected 1
unchauffeured 1
unshrined 2
unvoidable 2
ventrodorsal 2
vibratile 2
waldgrave 2
wur 2
yoe 1
