Acoemeti 1
Alemannic 1
Antonia 1
Brissotin 2
Euphausiacea 1
Lavinia 1
Mundari 1
Ophiuroidea 1
Rahul 1
Tab 1
Tyrian 1
accubitus 2
adenophorous 1
aition 1
aldol 1
allemand 1
ananepionic 1
anemoclastic 1
animalian 1
anneloid 1
answeringly 2
antinatural 1
apologue 1
arsylene 2
azilut 1
balmy 3
beastish 1
begohm 1
bitterhead 1
boatlike 1
bontebuck 1
buttercup 1
cachinnation 1
calmy 2
capsheaf 1
carpentering 2
castigable 1
chapleted 1
cholesteatomatous 3
chromosphere 1
coddle 1
coyan 1
craniate 2
dacryoadenitis 1
dada 1
dalesman 1
dandruff 4
decentness 1
demagoguery 2
denaturate 1
denunciatively 2
designation 1
desired 1
dexiotropic 2
digitally 1
dissectible 1
distensive 2
draughtsmanship 1
drudgingly 1
eligible 1
epibolism 2
esquire 1
ethylhydrocupreine 1
fluoboric 1
gamont 1
gentilization 3
gitoxigenin 1
glaserite 1
globulous 1
glycerophosphoric 1
grin 1
haruspicy 2
heteroauxin 1
hustle 1
hydrocycle 2
hyperacuteness 2
hypersalivation 1
imperatorian 1
implodent 2
ionone 1
jolter 1
literacy 1
localize 1
lucifugal 1
lumberjack 1
lurky 1
mandibuliform 2
mensurably 1
metrectopic 1
mote 1
mufty 1
mycodermic 1
nematoidean 1
nipplewort 2
nonpolarizable 1
nonsolvent 1
normal 1
ocreaceous 1
outroll 1
overburden 1
ovological 3
pagodalike 2
pathopoiesis 1
patwari 1
peaceably 1
pedicellar 1
photofinish 3
phytoecological 1
plagiary 3
pleurotribe 1
plumage 1
polychromatophile 3
postclitellian 1
predicrotic 1
proapportionment 2
pugilant 2
ragweed 2
recrucify 1
refractivity 2
retrocardiac 1
revertible 1
reviewal 1
scaling 3
shillibeer 1
skyrockety 1
snaff 1
snagger 1
sonification 1
sordes 1
spurflower 2
squamousness 1
stagnant 1
subvisible 1
supplicant 1
syndication 1
tawite 1
tetraxonian 1
thatchless 1
tinklingly 1
toothlessly 1
tridermic 1
triketo 1
truantness 2
ulcerate 1
unaffected 1
unchauffeured 1
underwriting 1
unfuturistic 1
unlivery 1
unnaturality 1
unseared 2
unshrined 1
variolation 1
virify 1
vitochemic 1
