Agaz 1
Antonia 2
Brissotin 1
Cheilodipterus 1
Craig 1
Crypturidae 1
Gyrodactylidae 2
Harpa 1
Lavinia 2
Mundari 1
Nahua 2
Ottweilian 1
Pimpla 1
Rahul 1
Ratitae 1
Sergio 1
Tab 3
Thoroughbred 1
Tonikan 1
Tyrian 2
absorptiveness 1
accubitus 1
acrobatism 2
aluminiferous 1
amphibolous 2
anemoclastic 1
animalian 1
animalish 1
anneloid 3
answeringly 2
antinatural 4
arsylene 2
aureous 2
bareness 1
beastish 1
beautiful 1
bitterhead 1
blamed 1
bontebuck 1
brainless 2
businesslike 1
buttercup 2
cachinnation 1
calmy 1
cannach 1
capsheaf 1
chapleted 1
cholesteatomatous 2
coddle 2
coky 3
criminalistician 1
dada 1
decentness 1
denaturate 2
depilatory 2
desired 2
dexiotropic 1
dichroscopic 1
digitally 1
drudgingly 1
eligible 1
emplace 3
enjambed 1
epibolism 1
ethylhydrocupreine 2
fingerwork 2
foregoer 1
gentilization 2
gliderport 1
globulous 1
gool 2
heteroauxin 1
hustle 1
hydrocycle 1
hyperoon 1
imperatorian 1
inosite 1
lepidopteral 1
lowerer 3
lyam 2
maidenlike 1
mallear 1
mensurably 1
metapsychics 2
mononitrobenzene 1
mote 2
mythically 1
nongypsy 1
nonsolvent 1
normal 1
outroll 1
overbrimmingly 1
overburden 2
ovological 2
pagodalike 1
pathopoiesis 2
patwari 1
phosphorism 1
pickpole 1
plagueful 1
playerdom 1
pleurotribe 1
poliomyelopathy 1
polychromatophile 1
pornographist 2
postclitellian 1
proapportionment 2
prospectively 1
pugilant 1
ragweed 1
recrucify 1
reflexive 1
refractivity 1
revertible 1
reviewal 1
rod 1
scaling 2
schappe 1
semibachelor 2
skyrockety 1
spondylotherapy 1
spurflower 1
squamousness 1
subvisible 1
tawite 1
tealery 2
teeting 1
tergal 1
thatchless 1
thither 1
tinklingly 1
tonalamatl 1
toothlessly 1
treponemiasis 2
tricuspidal 1
ulcerate 3
unamusement 1
unceremented 1
uncriticizing 2
underbillow 1
underwriting 1
unendowing 3
unfuturistic 2
unlivery 1
unshrined 1
virify 1
vitochemic 1
wur 1
