Woodruff 1
cadaveric 3
calmy 1
cannach 1
capsheaf 2
carpentering 1
castigable 1
chapleted 2
cholesteatomatous 1
chondropterygious 2
coky 2
coronally 2
coyan 2
culmy 1
cyclopism 1
odoom 2
Woodruff 1
calmy 2
cannach 1
carpentering 1
castigable 1
chapleted 1
chondropterygious 2
chromosphere 1
chthonic 1
coddle 1
coronally 1
culmy 1
ocreaceous 2
odoom 1
outroll 1
overburden 1
Woodruff 1
cachinnation 3
cadaveric 1
calmy 1
chondropterygious 1
chthonic 1
coddle 1
coky 2
culmy 1
ocreaceous 1
odoom 3
overburden 2
ovological 1
Woodruff 1
carpentering 1
chapleted 1
chondropterygious 4
chromosphere 1
claustrophobia 1
coronally 1
craniate 1
culmy 1
cyclopism 1
ocreaceous 1
outroll 1
ovological 1
Woodruff 2
cadaveric 3
capsheaf 2
carpentering 2
castigable 1
cholesteatomatous 1
chthonic 2
coddle 1
coyan 2
culmy 2
ocreaceous 1
odoom 1
outroll 1
ovological 1
cachinnation 1
calmy 2
capsheaf 1
carpentering 2
castigable 1
chapleted 1
cholesteatomatous 3
chromosphere 1
coddle 1
coyan 1
craniate 2
ocreaceous 1
outroll 1
overburden 1
ovological 3
cadaveric 2
calmy 2
cannach 3
castigable 1
chapleted 1
cholesteatomatous 2
craniate 3
criminalistician 2
culmy 1
cyclopism 1
odoom 1
cachinnation 3
cadaveric 2
cannach 1
capsheaf 2
carpentering 1
castigable 1
chapleted 1
cholesteatomatous 2
chondropterygious 1
chromosphere 2
chthonic 1
claustrophobia 1
coronally 1
odoom 1
cannach 2
carpentering 1
castigable 1
chondropterygious 1
chromosphere 1
coddle 1
coky 1
coyan 2
odoom 1
outroll 1
overbrimmingly 1
ovological 2
cachinnation 1
cadaveric 1
calmy 1
cannach 1
capsheaf 2
carpentering 1
castigable 1
chapleted 1
chromosphere 1
coky 1
coyan 1
criminalistician 1
ocreaceous 3
outroll 2
overburden 1
Woodruff 1
calmy 1
capsheaf 2
carpentering 1
cholesteatomatous 1
chromosphere 2
claustrophobia 2
coddle 1
coronally 2
coyan 1
craniate 2
ovological 2
cadaveric 1
calmy 1
capsheaf 2
carpentering 2
cholesteatomatous 1
chromosphere 1
chthonic 1
claustrophobia 1
coky 3
coronally 1
culmy 2
ocreaceous 1
overbrimmingly 1
Woodruff 3
cachinnation 1
cannach 1
capsheaf 2
castigable 1
chapleted 1
chondropterygious 1
chthonic 1
coky 2
coyan 1
craniate 1
odoom 1
overbrimmingly 2
ovological 1
Woodruff 2
cadaveric 2
capsheaf 1
castigable 1
chapleted 2
chondropterygious 1
chromosphere 1
claustrophobia 1
coky 1
coronally 1
coyan 1
craniate 3
cyclopism 1
outroll 1
overburden 1
cachinnation 1
calmy 1
cannach 1
capsheaf 1
chapleted 1
cholesteatomatous 2
coddle 2
coky 3
criminalistician 1
outroll 1
overbrimmingly 1
overburden 2
ovological 2
