tappableness 2
terphenyl 1
turriculae 1
Melitaea 1
grooveless 2
tenontodynia 1
tensiometer 1
transnaturation 1
turriculae 1
Melitaea 1
grooveless 1
tensiometer 1
termage 2
Melitaea 1
grizzle 1
tenontodynia 1
tensiometer 2
Melitaea 1
tappableness 1
terphenyl 1
transilluminator 2
transnaturation 1
Melitaea 1
tenontodynia 1
tensiometer 2
termage 1
transnaturation 1
Melitaea 1
tappableness 1
termage 1
transilluminator 1
transnaturation 1
grizzle 1
grooveless 2
tenontodynia 1
Melitaea 1
tensiometer 2
termage 1
transilluminator 1
turriculae 1
grizzle 2
grooveless 1
tensiometer 2
termage 1
terphenyl 2
transnaturation 1
tryt 1
grizzle 1
tenontodynia 1
turriculae 1
grizzle 1
grooveless 2
terphenyl 2
transilluminator 1
turriculae 1
Melitaea 1
grizzle 2
tappableness 2
transnaturation 1
grizzle 1
grooveless 2
tappableness 1
tenontodynia 1
tensiometer 2
termage 1
tryt 1
Melitaea 1
grizzle 1
grooveless 1
tappableness 2
tenontodynia 1
tensiometer 1
termage 2
Melitaea 1
tenontodynia 1
tensiometer 1
grizzle 1
tensiometer 2
transnaturation 1
Melitaea 1
grooveless 1
tenontodynia 2
tensiometer 1
termage 1
transilluminator 1
transnaturation 1
tryt 1
turriculae 1
grizzle 1
terphenyl 1
transilluminator 1
