ventrodorsal 1
vibratile 2
vitochemic 1
vibratile 2
virify 1
vitochemic 1
Rahul 1
Ratitae 2
jolter 1
variolation 1
vibratile 2
jolter 1
jolter 1
variolation 1
ventrodorsal 2
Rahul 1
jolter 1
variolation 1
virify 1
vitochemic 1
Rahul 1
variolation 2
ventrodorsal 2
virify 2
vitochemic 1
Rahul 1
Ratitae 2
vibratile 1
virify 1
vitochemic 2
Rahul 1
jolter 1
ventrodorsal 2
vibratile 2
variolation 1
vitochemic 1
Ratitae 1
variolation 1
ventrodorsal 2
vibratile 1
vitochemic 1
Ratitae 1
jolter 1
ventrodorsal 1
virify 1
vitochemic 1
Rahul 1
variolation 1
ventrodorsal 1
vibratile 1
Rahul 1
Ratitae 1
virify 1
vitochemic 1
