Antigone 1
inwound 1
semifluidity 1
shoddydom 1
societary 1
solifluction 2
superhistoric 1
siderite 1
snoopy 1
solifluction 1
spondylizema 1
superglottal 1
Abama 1
Antigone 1
inwound 1
semifluidity 1
siderite 1
snoopy 1
siderite 3
snoopy 1
spondylizema 2
Abama 2
insolence 1
snoopy 1
solifluction 1
superglottal 1
Antigone 1
Avicennia 1
snoopy 2
solifluction 2
Antigone 1
shoddydom 1
siderite 3
snoopy 1
superhistoric 1
Abama 1
Antigone 1
inwound 2
siderite 1
snoopy 2
spondylizema 1
superglottal 1
Avicennia 1
sithe 2
snoopy 1
spondylizema 1
superglottal 1
Antigone 1
Avicennia 1
societary 1
Avicennia 1
insolence 1
inwound 1
spondylizema 1
suggestibly 1
superglottal 1
inwound 1
semifluidity 1
siderite 1
sithe 1
societary 1
suggestibly 1
Antigone 1
insolence 1
inwound 1
shoddydom 1
snoopy 1
solifluction 1
superglottal 1
Abama 1
sithe 1
solifluction 2
spondylizema 2
superglottal 2
Abama 1
insolence 1
sithe 2
solifluction 1
superglottal 2
Antigone 1
insolence 1
semifluidity 1
shoddydom 1
siderite 1
spondylizema 1
Antigone 1
inwound 1
Antigone 1
insolence 1
shoddydom 1
snoopy 2
societary 1
solifluction 1
spondylizema 1
inwound 1
siderite 1
sithe 1
spondylizema 1
suggestibly 1
superglottal 2
Antigone 1
siderite 1
societary 2
Antigone 1
spondylizema 1
superglottal 1
Abama 1
Antigone 1
inwound 1
siderite 1
solifluction 2
Abama 1
Avicennia 1
semifluidity 2
snoopy 1
spondylizema 1
superhistoric 1
Avicennia 1
insolence 3
inwound 1
semifluidity 1
shoddydom 1
snoopy 2
spondylizema 1
Avicennia 1
inwound 1
siderite 1
