camphorize 1
caricology 1
chantress 1
maple 3
mesology 1
monothelious 1
worming 1
caban 1
camphorize 1
coxarthrocace 1
cycling 1
maple 2
mesophilic 1
worming 1
caban 1
coxarthrocace 1
cycling 1
maple 1
whareer 1
chantress 1
coxarthrocace 1
cycling 1
maladdress 1
monothelious 1
mesophilic 1
worming 1
caricology 1
cicatricula 1
maladdress 1
maple 1
mesology 1
mesophilic 1
caricology 1
maladdress 1
maple 1
mesophilic 1
caban 1
chantress 2
coxarthrocace 1
monothelious 1
whareer 2
worming 1
caricology 2
cycling 1
camphorize 1
caricology 1
mesophilic 1
chantress 1
cicatricula 1
maladdress 1
mesology 1
monothelious 1
worming 1
caban 1
mesology 2
monothelious 1
camphorize 1
chantress 1
cycling 1
maple 1
mesology 1
mesophilic 1
whareer 1
chantress 1
coxarthrocace 1
cycling 3
monothelious 1
caban 1
maple 3
worming 1
caban 1
cycling 1
whareer 1
camphorize 3
chantress 1
cicatricula 1
coxarthrocace 1
cycling 1
mesology 1
whareer 1
chantress 1
cicatricula 1
coxarthrocace 1
cycling 1
maladdress 1
maple 1
monothelious 3
whareer 1
cicatricula 1
coxarthrocace 2
cycling 3
worming 1
maple 1
whareer 2
caban 1
camphorize 1
caricology 1
coxarthrocace 1
whareer 2
caban 1
cycling 1
maladdress 1
maple 2
mesology 2
monothelious 1
monothelious 1
whareer 1
cicatricula 1
cycling 1
maple 1
worming 1
caban 1
camphorize 3
maple 1
whareer 1
