Euphausiacea 1
illiberally 2
inosite 1
unaffected 1
uncriticizing 1
underbillow 2
underwriting 1
unshrined 2
unvoidable 1
Exon 1
inosite 2
ulcerate 1
unaffected 1
unamusement 1
unchauffeured 1
uncredulous 2
uncriticizing 1
unfrost 2
unfuturistic 1
unlivery 1
unseared 1
Euphausiacea 2
Exon 1
imperatorian 1
ionone 1
unceremented 1
underbillow 1
underwriting 2
unfrost 1
unlivery 1
unseared 1
unshrined 1
Exon 1
imperatorian 1
inosite 1
ionone 1
unaffected 1
unamusement 1
unceremented 1
uncriticizing 1
unfuturistic 1
unseared 1
unshrined 2
unvoidable 1
Euphausiacea 1
illiberally 1
imperatorian 2
implodent 2
ionone 1
ulcerate 1
unaffected 1
unceremented 1
uncredulous 2
uncriticizing 1
unfrost 1
unlivery 1
unnaturality 1
unseared 1
unvoidable 1
Euphausiacea 1
imperatorian 1
implodent 2
ionone 1
ulcerate 1
unaffected 1
unchauffeured 1
underwriting 1
unfuturistic 1
unlivery 1
unnaturality 1
unseared 2
unshrined 1
illiberally 1
implodent 1
inosite 1
ionone 2
ulcerate 1
unamusement 1
unceremented 1
unchauffeured 1
uncredulous 1
uncriticizing 1
underbillow 1
unendowing 1
unfuturistic 1
unseared 3
unvoidable 1
Euphausiacea 2
imperatorian 2
ionone 1
unamusement 2
uncredulous 3
uncriticizing 1
unendowing 2
unfrost 2
unfuturistic 1
illiberally 3
imperatorian 2
implodent 4
ionone 2
unaffected 1
unchauffeured 1
unshrined 2
unvoidable 2
Euphausiacea 3
illiberally 2
imperatorian 1
implodent 1
inosite 1
unaffected 2
unceremented 1
unchauffeured 1
uncredulous 2
uncriticizing 1
unfrost 2
unfuturistic 2
unseared 2
unshrined 1
unvoidable 1
Euphausiacea 1
illiberally 1
ionone 1
ulcerate 1
unaffected 3
unamusement 1
unceremented 1
uncredulous 3
uncriticizing 1
unlivery 1
unseared 3
unshrined 1
Exon 1
illiberally 2
implodent 3
inosite 1
ionone 1
ulcerate 1
unamusement 1
unchauffeured 1
uncriticizing 1
underbillow 1
unendowing 2
unfrost 2
unfuturistic 1
unshrined 1
Euphausiacea 1
Exon 1
illiberally 1
imperatorian 1
ionone 1
unamusement 2
unceremented 1
unchauffeured 2
uncriticizing 1
underwriting 1
unfrost 2
unfuturistic 1
unvoidable 1
Euphausiacea 2
Exon 1
imperatorian 1
implodent 2
inosite 1
ionone 2
ulcerate 2
unaffected 2
unamusement 1
unceremented 1
uncredulous 1
underbillow 1
unfrost 1
unfuturistic 1
unnaturality 1
imperatorian 1
inosite 1
ulcerate 3
unamusement 1
unceremented 1
uncriticizing 2
underbillow 1
underwriting 1
unendowing 3
unfuturistic 2
unlivery 1
unshrined 1
