picine 1
possessionist 1
phonetization 1
preanaphoral 1
possessionist 1
precartilaginous 1
protocolist 2
paragraphistical 1
phonetization 1
precartilaginous 1
protocolist 1
paragraphistical 1
phonetization 1
picine 1
piligerous 2
polystele 1
precartilaginous 2
phonetization 1
picine 1
piligerous 1
polystele 2
precartilaginous 1
paragraphistical 1
polystele 1
precartilaginous 1
floater 2
fullface 2
paragraphistical 1
piligerous 1
phonetization 1
polystele 1
preanaphoral 1
protocolist 3
phonetization 1
picine 2
pileus 1
possessionist 1
preanaphoral 2
fullface 1
picine 1
pileus 2
polystele 1
preanaphoral 2
pileus 1
polystele 1
possessionist 3
preanaphoral 1
fullface 2
pileus 1
piligerous 1
preanaphoral 1
precartilaginous 1
protocolist 1
floater 1
fullface 1
piligerous 1
possessionist 1
floater 1
fullface 1
picine 1
piligerous 1
preanaphoral 3
precartilaginous 1
polystele 1
precartilaginous 1
polystele 1
floater 1
fullface 2
phonetization 1
pileus 1
preanaphoral 1
protocolist 1
paragraphistical 1
piligerous 1
possessionist 1
preanaphoral 3
protocolist 1
fullface 1
possessionist 1
preanaphoral 2
precartilaginous 1
protocolist 1
phonetization 2
picine 1
floater 1
picine 1
pileus 1
polystele 2
floater 1
piligerous 1
possessionist 2
protocolist 1
floater 1
phonetization 2
picine 1
pileus 1
possessionist 2
precartilaginous 1
protocolist 2
