Lavinia 2
dada 2
dandruff 1
datolite 1
decentness 2
depilatory 2
designation 2
desired 1
digitally 1
draughtsmanship 3
pagodalike 1
passionary 1
pathomania 2
pathopoiesis 1
peaceably 1
pedicellar 2
phosphorism 1
pickpole 2
plagiary 1
plagueful 1
playerdom 1
pleurotribe 1
plumage 1
polychronious 2
poppability 2
praecordial 1
prospectively 2
Lavinia 2
dacryoadenitis 1
dada 1
dandruff 2
datolite 1
demagoguery 1
denunciatively 3
designation 1
desired 1
dichroscopic 4
digitally 1
dissectible 1
donship 2
drudgingly 2
pathomania 2
patwari 2
plagiary 2
pleurotribe 1
plurennial 2
poliomyelopathy 1
polychronious 1
poppability 1
pornographist 1
postclitellian 2
praecordial 1
proapportionment 1
prospectively 1
pugilant 1
Lavinia 1
dacryoadenitis 2
datolite 1
dexiotropic 1
dichroscopic 1
dissectible 1
donship 1
draughtsmanship 2
drudgingly 1
pagodalike 2
pathopoiesis 1
peaceably 2
phosphorism 1
photofinish 1
playerdom 2
plumage 1
plurennial 1
polychronious 1
poppability 2
praecordial 1
predicrotic 2
proapportionment 1
Lavinia 3
dacryoadenitis 2
dalesman 1
dandruff 1
datolite 1
decentness 2
denaturate 1
designation 1
donship 2
pagodalike 1
passionary 3
phenomenalistic 1
phosphorism 1
photofinish 1
pickpole 1
plagueful 1
pleurotribe 2
plumage 1
plurennial 1
pornographist 1
postcontract 1
praecordial 1
predicrotic 1
prospectively 1
dada 2
dandruff 2
decentness 1
denunciatively 2
depilatory 1
desired 1
dexiotropic 2
digitally 3
draughtsmanship 1
drudgingly 1
pagodalike 1
passionary 3
pathomania 2
pathopoiesis 1
peaceably 2
plagiary 1
plurennial 1
poppability 1
postclitellian 1
praecordial 1
proapportionment 1
prospectively 1
Lavinia 1
dacryoadenitis 1
dada 1
dalesman 1
dandruff 4
decentness 1
demagoguery 2
denaturate 1
denunciatively 2
designation 1
desired 1
dexiotropic 2
digitally 1
dissectible 1
distensive 2
draughtsmanship 1
drudgingly 1
pagodalike 2
pathopoiesis 1
patwari 1
peaceably 1
pedicellar 1
photofinish 3
phytoecological 1
plagiary 3
pleurotribe 1
plumage 1
polychromatophile 3
postclitellian 1
predicrotic 1
proapportionment 2
pugilant 2
dada 1
dalesman 1
dandruff 2
decentness 1
demagoguery 1
denaturate 1
denunciatively 1
depilatory 1
desired 1
dexiotropic 1
digitally 1
dissectible 1
donship 1
draughtsmanship 1
pathomania 2
phosphorism 1
pickpole 1
pornographist 1
postclitellian 2
postcontract 1
praecordial 1
predicrotic 1
proapportionment 1
prospectively 1
dacryoadenitis 1
dada 2
dandruff 1
demagoguery 1
denaturate 1
denunciatively 1
depilatory 1
designation 1
dichroscopic 1
draughtsmanship 1
drudgingly 2
patwari 1
peaceably 1
phenomenalistic 1
phosphorism 1
phytoecological 2
pickpole 1
playerdom 1
pleurotribe 1
plumage 1
polychronious 1
postclitellian 1
postcontract 1
Lavinia 2
dada 2
dalesman 1
datolite 1
decentness 1
demagoguery 1
denaturate 1
denunciatively 1
designation 1
desired 1
dexiotropic 1
dissectible 1
draughtsmanship 1
drudgingly 1
pathomania 1
peaceably 1
pedicellar 1
phosphorism 1
phytoecological 1
pleurotribe 1
polychronious 1
poppability 1
postclitellian 1
postcontract 2
predicrotic 1
proapportionment 1
pugilant 1
Lavinia 1
dalesman 1
datolite 2
decentness 1
demagoguery 1
depilatory 2
designation 1
digitally 1
distensive 1
donship 2
draughtsmanship 1
passionary 1
pathopoiesis 1
peaceably 1
pedicellar 1
photofinish 1
phytoecological 2
pickpole 1
plagiary 1
pleurotribe 1
polychromatophile 1
postcontract 2
praecordial 1
predicrotic 1
proapportionment 3
prospectively 1
Lavinia 1
dalesman 2
datolite 1
decentness 2
denaturate 1
denunciatively 2
designation 2
desired 2
dexiotropic 1
dissectible 1
draughtsmanship 1
peaceably 1
photofinish 2
pickpole 2
plagiary 1
plagueful 2
playerdom 3
plurennial 1
polychromatophile 1
pornographist 1
postclitellian 1
predicrotic 1
proapportionment 1
pugilant 1
Lavinia 1
dada 3
dalesman 1
dandruff 1
demagoguery 1
denunciatively 1
depilatory 1
distensive 1
drudgingly 1
pagodalike 2
pathopoiesis 1
pedicellar 1
phenomenalistic 3
phosphorism 1
pickpole 1
plagiary 2
playerdom 1
plurennial 1
poliomyelopathy 1
polychromatophile 1
postcontract 1
proapportionment 1
prospectively 1
dandruff 2
decentness 1
denaturate 1
denunciatively 1
designation 1
desired 1
dexiotropic 1
dichroscopic 1
digitally 1
donship 1
pagodalike 1
passionary 1
phosphorism 1
photofinish 1
phytoecological 2
playerdom 1
plurennial 1
poliomyelopathy 1
polychronious 1
poppability 1
postclitellian 2
postcontract 1
praecordial 2
predicrotic 3
proapportionment 1
prospectively 1
Lavinia 1
dacryoadenitis 1
dandruff 1
datolite 2
demagoguery 1
denunciatively 1
dichroscopic 2
dissectible 1
donship 1
draughtsmanship 2
drudgingly 2
passionary 1
pathopoiesis 1
patwari 2
pedicellar 1
phenomenalistic 1
phosphorism 2
plagiary 3
plumage 1
plurennial 1
polychronious 3
postclitellian 2
postcontract 1
praecordial 1
Lavinia 2
dada 1
decentness 1
denaturate 2
depilatory 2
desired 2
dexiotropic 1
dichroscopic 1
digitally 1
drudgingly 1
pagodalike 1
pathopoiesis 2
patwari 1
phosphorism 1
pickpole 1
plagueful 1
playerdom 1
pleurotribe 1
poliomyelopathy 1
polychromatophile 1
pornographist 2
postclitellian 1
proapportionment 2
prospectively 1
pugilant 1
