Agaz 1
encircler 1
epibolism 1
escapingly 1
esquire 2
Acoemeti 1
Agaz 1
Alemannic 2
Antonia 1
Monotheletian 1
Mundari 1
eligible 1
encircler 1
enumerate 1
epibolism 3
escapingly 1
esquire 1
Acoemeti 2
Agaz 1
Mundari 1
emplace 2
encircler 1
escapingly 2
Agaz 1
Alemannic 1
Antonia 2
Mundari 2
eligible 1
emplace 1
encircler 1
enjambed 1
epibolism 1
escapingly 1
esquire 1
Acoemeti 1
Antonia 1
Monotheletian 2
Mundari 1
emplace 2
encircler 1
enjambed 2
enumerate 2
escapingly 1
Acoemeti 1
Alemannic 1
Antonia 1
Mundari 1
eligible 1
epibolism 2
esquire 1
ethylhydrocupreine 1
Acoemeti 1
Antonia 1
Mundari 1
eligible 1
emplace 1
encircler 1
enumerate 2
epibolism 1
escapingly 1
esquire 1
Acoemeti 1
Agaz 1
Alemannic 1
enjambed 1
ethylhydrocupreine 1
Alemannic 1
eligible 1
emplace 1
encircler 2
enumerate 1
epibolism 1
esquire 1
ethylhydrocupreine 1
Agaz 1
Antonia 2
Monotheletian 1
Mundari 3
eligible 1
emplace 1
encircler 1
escapingly 1
esquire 1
ethylhydrocupreine 1
eligible 1
encircler 1
enjambed 1
epibolism 3
esquire 1
ethylhydrocupreine 1
Agaz 1
Alemannic 1
Monotheletian 1
Mundari 1
eligible 1
emplace 1
epibolism 1
Acoemeti 1
Antonia 1
Mundari 2
eligible 1
emplace 1
encircler 2
enumerate 1
epibolism 1
esquire 1
ethylhydrocupreine 1
Acoemeti 1
Agaz 1
Antonia 2
Mundari 1
eligible 1
enjambed 2
enumerate 2
epibolism 1
Agaz 1
Antonia 2
Mundari 1
eligible 1
emplace 3
enjambed 1
epibolism 1
ethylhydrocupreine 2
