Scoliidae 1
Semnopithecinae 2
Sphingurus 2
Strophomenidae 1
Sergio 1
Sergio 3
Scoliidae 1
Sergio 1
Strophomenidae 1
Scoliidae 1
Sergio 1
Strophomenidae 1
Sphingurus 1
Strophomenidae 1
Strophomenidae 1
Semnopithecinae 1
Sphingurus 1
Semnopithecinae 1
Sphingurus 1
Semnopithecinae 1
Sergio 1
Sphingurus 3
Strophomenidae 1
Sergio 1
Sergio 1
Scoliidae 1
Scoliidae 1
Strophomenidae 1
Scoliidae 2
Semnopithecinae 1
Sphingurus 1
Sphingurus 3
Scoliidae 1
Sphingurus 1
Semnopithecinae 3
Sergio 2
Scoliidae 1
Semnopithecinae 2
Sphingurus 1
Sergio 1
