Cheilodipterus 3
Crypturidae 1
Oldhamia 1
Ophiuroidea 2
Ottweilian 1
gamont 1
gitoxigenin 2
glaserite 1
gliderport 1
globulous 1
glucolysis 2
gool 2
scaling 1
sciuromorphic 1
scorchingness 1
shillibeer 1
snaff 1
snagger 1
sportive 1
spurflower 1
supplicant 1
syndication 1
Cheilodipterus 1
Christianiadeal 1
Craig 1
Ottweilian 1
gamont 1
gentilization 1
glycerophosphoric 1
grin 2
scorchingness 1
shillibeer 1
shonkinite 1
skimmingly 1
snaff 1
snagger 1
sordes 1
sportive 2
subarrhation 1
Christianiadeal 2
Ophiuroidea 1
Ottweilian 1
gamont 1
gentilization 2
gliderport 1
globulous 2
glucolysis 1
glycerophosphoric 1
schappe 1
sciuromorphic 2
scorchingness 2
semibachelor 1
shillibeer 1
simuler 1
skimmingly 1
skyrockety 1
snagger 1
sonification 1
spurflower 1
stude 1
subarrhation 2
subvisible 2
supplicant 4
syndication 1
Christianiadeal 3
Craig 1
Crypturidae 2
Ophiuroidea 1
gamont 1
gentilization 1
gitoxigenin 1
globulous 1
glucolysis 1
grin 1
scaling 1
schappe 1
scorchingness 1
semibachelor 1
shillibeer 1
shonkinite 1
shootboard 3
skimmingly 4
snagger 1
sonification 1
sordes 1
sportive 2
stude 1
subvisible 3
supplicant 1
syndication 2
Christianiadeal 1
gentilization 1
globulous 1
gool 1
grin 1
sciuromorphic 1
semibachelor 1
shootboard 2
skimmingly 1
skyrockety 3
spondylotherapy 1
sportive 4
spurflower 1
squamousness 1
stude 1
subarrhation 1
Ophiuroidea 1
gamont 1
gentilization 3
gitoxigenin 1
glaserite 1
globulous 1
glycerophosphoric 1
grin 1
scaling 3
shillibeer 1
skyrockety 1
snaff 1
snagger 1
sonification 1
sordes 1
spurflower 2
squamousness 1
stagnant 1
subvisible 1
supplicant 1
syndication 1
Cheilodipterus 2
Ottweilian 1
gamont 1
gentilization 1
gitoxigenin 2
gliderport 2
glucolysis 2
glycerophosphoric 1
gool 1
scaling 2
schappe 2
sciuromorphic 1
shillibeer 1
shonkinite 1
shootboard 1
snagger 2
sportive 1
squamousness 1
subarrhation 1
Christianiadeal 1
Craig 1
Oldhamia 3
Ophiuroidea 1
gamont 1
gentilization 1
gliderport 1
globulous 2
glucolysis 3
sciuromorphic 1
scorchingness 2
semibachelor 1
shootboard 4
simuler 1
skimmingly 1
skyrockety 4
snagger 1
sonification 2
spondylotherapy 1
sportive 1
spurflower 1
subarrhation 1
Cheilodipterus 2
Christianiadeal 1
Craig 2
Crypturidae 1
Oldhamia 1
Ophiuroidea 1
gamont 1
glaserite 2
gliderport 2
globulous 1
glycerophosphoric 1
grin 1
schappe 2
snagger 1
sonification 1
spondylotherapy 2
sportive 1
stagnant 1
stude 1
subarrhation 2
subvisible 2
supplicant 1
Craig 2
Crypturidae 3
Oldhamia 1
Ophiuroidea 2
gitoxigenin 1
glaserite 2
glucolysis 2
glycerophosphoric 1
gool 1
scorchingness 2
semibachelor 1
shillibeer 1
shonkinite 1
shootboard 1
skimmingly 1
sonification 1
spondylotherapy 1
spurflower 1
stagnant 1
supplicant 2
syndication 1
Christianiadeal 1
Oldhamia 1
Ottweilian 1
gamont 1
gentilization 1
gliderport 1
globulous 1
gool 1
sciuromorphic 3
shillibeer 1
shootboard 1
simuler 2
skimmingly 1
skyrockety 1
spondylotherapy 2
sportive 1
spurflower 1
stude 1
subvisible 1
supplicant 2
syndication 2
Christianiadeal 3
Oldhamia 1
Ophiuroidea 1
Ottweilian 1
glaserite 1
globulous 1
glycerophosphoric 1
gool 1
schappe 3
sciuromorphic 1
semibachelor 1
shonkinite 1
shootboard 1
sordes 2
sportive 1
squamousness 1
stude 1
Craig 2
Crypturidae 2
Ophiuroidea 2
Ottweilian 1
gamont 1
gitoxigenin 1
glaserite 1
glucolysis 1
glycerophosphoric 1
gool 2
grin 1
sciuromorphic 3
semibachelor 1
shillibeer 2
shonkinite 1
skimmingly 1
skyrockety 1
sonification 1
sordes 1
squamousness 3
stagnant 1
subvisible 1
supplicant 1
Cheilodipterus 1
Christianiadeal 1
Oldhamia 1
Ophiuroidea 1
gentilization 1
glucolysis 1
schappe 1
sciuromorphic 2
scorchingness 3
semibachelor 1
simuler 5
skimmingly 3
skyrockety 1
snaff 2
sonification 2
spondylotherapy 2
sportive 1
spurflower 2
squamousness 1
stagnant 1
Cheilodipterus 1
Craig 1
Crypturidae 1
Ottweilian 1
gentilization 2
gliderport 1
globulous 1
gool 2
scaling 2
schappe 1
semibachelor 2
skyrockety 1
spondylotherapy 1
spurflower 1
squamousness 1
subvisible 1
