balmy 1
bareness 1
bitterhead 1
blackwater 1
blamed 1
bontebuck 2
bulldog 2
businesslike 2
nematoidean 3
neurexairesis 1
nongypsy 1
nonpolarizable 1
nonsolvent 1
balmy 1
beastish 1
beatinest 2
bitterhead 1
blackwater 1
boatlike 2
bontebuck 2
businesslike 1
nematoidean 1
neurexairesis 1
nongypsy 1
nonobedient 1
nonpolarizable 1
nonsolvent 1
balmy 1
beastish 2
beautiful 1
begohm 1
binnacle 1
bitterhead 1
boatlike 2
nematoidean 1
neurexairesis 1
nongypsy 1
nonobedient 1
normal 1
bacilli 3
bareness 1
beautiful 1
blackwater 1
blamed 1
boatlike 4
businesslike 1
buttercup 1
nematoidean 1
neurexairesis 1
nipplewort 1
nonobedient 1
nonsolvent 1
normal 1
bacilli 1
bareness 2
begohm 4
blackwater 2
blamed 1
bontebuck 1
bulldog 1
businesslike 1
buttercup 1
neurexairesis 1
nonobedient 1
nonsolvent 1
balmy 3
beastish 1
begohm 1
bitterhead 1
boatlike 1
bontebuck 1
buttercup 1
nematoidean 1
nipplewort 2
nonpolarizable 1
nonsolvent 1
normal 1
bacilli 3
balmy 1
beastish 1
beautiful 3
bediaper 2
bitterhead 1
blamed 2
boatlike 1
brainless 1
bulldog 1
buttercup 2
neurexairesis 2
nongypsy 4
normal 1
balmy 1
beastish 2
beautiful 1
begohm 1
binnacle 2
bitterhead 1
boatlike 1
businesslike 1
buttercup 1
nematoidean 1
nongypsy 1
nonsolvent 1
beastish 1
beatinest 3
beautiful 2
bediaper 2
begohm 1
blackwater 1
boatlike 1
bulldog 2
neurexairesis 1
nongypsy 2
nonobedient 2
normal 2
bacilli 1
beatinest 2
beautiful 1
bediaper 2
bitterhead 1
brainless 1
businesslike 1
nematoidean 1
nongypsy 2
normal 1
balmy 1
beastish 3
beautiful 1
bediaper 1
binnacle 1
bitterhead 1
blackwater 1
bontebuck 1
nematoidean 1
neurexairesis 1
nipplewort 1
nonobedient 3
nonsolvent 1
balmy 1
beastish 1
beautiful 1
bediaper 2
begohm 1
binnacle 1
bitterhead 1
blamed 1
boatlike 1
brainless 1
bulldog 1
businesslike 2
buttercup 1
nematoidean 1
neurexairesis 3
nipplewort 1
nonpolarizable 1
nonsolvent 2
balmy 2
bareness 1
beautiful 1
bitterhead 1
blamed 2
boatlike 2
bontebuck 2
brainless 1
bulldog 1
buttercup 1
nematoidean 4
nipplewort 2
nonobedient 2
bacilli 1
balmy 1
bareness 1
bitterhead 1
blackwater 1
neurexairesis 2
nonobedient 1
nonpolarizable 1
nonsolvent 1
bareness 1
beastish 1
beautiful 1
bitterhead 1
blamed 1
bontebuck 1
brainless 2
businesslike 1
buttercup 2
nongypsy 1
nonsolvent 1
normal 1
