Taungthu 2
hemopiezometer 2
Tammanyism 1
Taungthu 1
Tammanyism 1
rach 1
hemopiezometer 1
hydrobarometer 1
Thecosomata 1
hemopiezometer 1
redintegrator 1
Thunnidae 1
hemopiezometer 2
Tammanyism 1
Taungthu 1
hemopiezometer 1
hydrobarometer 1
redintegrator 1
Thunnidae 1
hemopiezometer 1
rach 1
Tammanyism 3
Thunnidae 1
redintegrator 1
Tammanyism 1
Tammanyism 1
Thecosomata 3
Thunnidae 1
Taungthu 1
Thecosomata 1
hydrobarometer 1
Tammanyism 1
Thecosomata 1
Taungthu 1
rach 1
redintegrator 1
hemopiezometer 2
redintegrator 1
Tammanyism 2
hemopiezometer 2
hydrobarometer 1
Thunnidae 1
Taungthu 1
Thecosomata 1
Thecosomata 1
hemopiezometer 3
hydrobarometer 1
Thecosomata 2
hemopiezometer 1
hydrobarometer 1
rach 2
Thecosomata 1
Thunnidae 2
hemopiezometer 1
Tammanyism 1
Thunnidae 1
hemopiezometer 2
rach 1
redintegrator 1
