Brissotin 1
Nahua 1
foregoer 1
raga 1
refractivity 1
reviewal 1
Nahua 1
fingerwork 1
fluoboric 1
ragweed 1
reassociation 1
recrucify 1
refractivity 4
revertible 1
reviewal 2
rod 2
fluoboric 1
ragweed 1
recrucify 1
resorptive 1
retrocardiac 1
rod 1
Brissotin 1
Nahua 1
fluoboric 1
foregoer 1
raga 1
ragweed 1
recrucify 1
reflexive 1
resorptive 1
retrocardiac 1
Nahua 1
recrucify 1
resorptive 1
retrocardiac 1
revertible 1
rod 1
Brissotin 2
fluoboric 1
ragweed 2
recrucify 1
refractivity 2
retrocardiac 1
revertible 1
reviewal 1
Brissotin 1
fingerwork 2
fluoboric 2
foregoer 1
ragweed 1
reassociation 1
refractivity 2
resorptive 2
revertible 1
reviewal 1
fingerwork 1
fluoboric 1
foregoer 1
refractivity 1
retrocardiac 2
revertible 2
reviewal 2
fingerwork 1
raga 1
ragweed 1
reflexive 1
rod 2
Nahua 1
fluoboric 1
foregoer 1
raga 3
ragweed 2
reassociation 1
recrucify 3
reflexive 1
resorptive 2
revertible 1
rod 1
Brissotin 2
Nahua 1
fingerwork 2
fluoboric 1
foregoer 1
raga 1
ragweed 2
reflexive 2
refractivity 2
resorptive 1
revertible 1
reviewal 1
Brissotin 1
Nahua 1
fingerwork 2
foregoer 2
raga 2
reassociation 1
recrucify 1
refractivity 1
retrocardiac 2
foregoer 1
raga 2
recrucify 2
refractivity 1
resorptive 2
foregoer 2
reassociation 2
recrucify 1
refractivity 2
resorptive 2
reviewal 1
Brissotin 1
Nahua 2
fingerwork 2
foregoer 1
ragweed 1
recrucify 1
reflexive 1
refractivity 1
revertible 1
reviewal 1
rod 1
